生成启动时间为 2017/6/16 23:20:55。
     1>项目“C:\Users\pauke\Documents\GitHub\C-practice\分支结构\分支结构\分支结构.vcxproj”在节点 2 上(Build 个目标)。
     1>InitializeBuildStatus:
         正在创建“Debug\分支结构.unsuccessfulbuild”，因为已指定“AlwaysCreate”。
       ClCompile:
         C:\Program Files (x86)\Microsoft Visual Studio 11.0\VC\bin\CL.exe /c /ZI /nologo /W3 /WX- /Od /Oy- /D _UNICODE /D UNICODE /Gm /EHsc /RTC1 /MDd /GS /fp:precise /Zc:wchar_t /Zc:forScope /Fo"Debug\\" /Fd"Debug\vc110.pdb" /Gd /TC /analyze- /errorReport:prompt "单分支.c"
         单分支.c
     1>c:\users\pauke\documents\github\c-practice\分支结构\分支结构\单分支.c(35): warning C4996: 'scanf': This function or variable may be unsafe. Consider using scanf_s instead. To disable deprecation, use _CRT_SECURE_NO_WARNINGS. See online help for details.
                 c:\program files (x86)\microsoft visual studio 11.0\vc\include\stdio.h(290) : 参见“scanf”的声明
     1>c:\users\pauke\documents\github\c-practice\分支结构\分支结构\单分支.c(76): warning C4996: 'scanf': This function or variable may be unsafe. Consider using scanf_s instead. To disable deprecation, use _CRT_SECURE_NO_WARNINGS. See online help for details.
                 c:\program files (x86)\microsoft visual studio 11.0\vc\include\stdio.h(290) : 参见“scanf”的声明
       Link:
         C:\Program Files (x86)\Microsoft Visual Studio 11.0\VC\bin\link.exe /ERRORREPORT:PROMPT /OUT:"C:\Users\pauke\Documents\GitHub\C-practice\分支结构\Debug\分支结构.exe" /INCREMENTAL /NOLOGO kernel32.lib user32.lib gdi32.lib winspool.lib comdlg32.lib advapi32.lib shell32.lib ole32.lib oleaut32.lib uuid.lib odbc32.lib odbccp32.lib /MANIFEST /MANIFESTUAC:"level='asInvoker' uiAccess='false'" /manifest:embed /DEBUG /PDB:"C:\Users\pauke\Documents\GitHub\C-practice\分支结构\Debug\分支结构.pdb" /TLBID:1 /DYNAMICBASE /NXCOMPAT /IMPLIB:"C:\Users\pauke\Documents\GitHub\C-practice\分支结构\Debug\分支结构.lib" /MACHINE:X86 "Debug\单分支.obj"
         分支结构.vcxproj -> C:\Users\pauke\Documents\GitHub\C-practice\分支结构\Debug\分支结构.exe
       FinalizeBuildStatus:
         正在删除文件“Debug\分支结构.unsuccessfulbuild”。
         正在对“Debug\分支结构.lastbuildstate”执行 Touch 任务。
     1>已完成生成项目“C:\Users\pauke\Documents\GitHub\C-practice\分支结构\分支结构\分支结构.vcxproj”(Build 个目标)的操作。

生成成功。

已用时间 00:00:01.04
